# JRE version: OpenJDK Runtime Environment (8.0_162-b12) (build 1.8.0_162-b12)
# Java VM: OpenJDK 64-Bit Server VM (25.162-b12 mixed mode linux-amd64 compressed oops)
Heap:
 PSYoungGen      total 112640K, used 4226K [0x00000000f5580000, 0x0000000100000000, 0x0000000100000000)
  eden space 80384K, 0% used [0x00000000f5580000,0x00000000f5580000,0x00000000fa400000)
  from space 32256K, 13% used [0x00000000fe080000,0x00000000fe4a0a58,0x0000000100000000)
  to   space 47104K, 0% used [0x00000000fa400000,0x00000000fa400000,0x00000000fd200000)
 ParOldGen       total 80896K, used 80772K [0x00000000e0000000, 0x00000000e4f00000, 0x00000000f5580000)
  object space 80896K, 99% used [0x00000000e0000000,0x00000000e4ee1110,0x00000000e4f00000)
 Metaspace       used 8015K, capacity 8176K, committed 8448K, reserved 1056768K
  class space    used 864K, capacity 916K, committed 1024K, reserved 1048576K
GC Heap History (10 events):
Event: 1.407 GC heap after
Heap after GC invocations=4 (full 0):
 PSYoungGen      total 66048K, used 2784K [0x00000000f5580000, 0x00000000f9a80000, 0x0000000100000000)
  eden space 61440K, 0% used [0x00000000f5580000,0x00000000f5580000,0x00000000f9180000)
  from space 4608K, 60% used [0x00000000f9600000,0x00000000f98b8050,0x00000000f9a80000)
  to   space 4608K, 0% used [0x00000000f9180000,0x00000000f9180000,0x00000000f9600000)
 ParOldGen       total 80896K, used 88K [0x00000000e0000000, 0x00000000e4f00000, 0x00000000f5580000)
  object space 80896K, 0% used [0x00000000e0000000,0x00000000e0016010,0x00000000e4f00000)
 Metaspace       used 6878K, capacity 7018K, committed 7296K, reserved 1056768K
  class space    used 750K, capacity 786K, committed 896K, reserved 1048576K
}
Event: 1.737 GC heap before
{Heap before GC invocations=5 (full 0):
 PSYoungGen      total 66048K, used 64224K [0x00000000f5580000, 0x00000000f9a80000, 0x0000000100000000)
  eden space 61440K, 100% used [0x00000000f5580000,0x00000000f9180000,0x00000000f9180000)
  from space 4608K, 60% used [0x00000000f9600000,0x00000000f98b8050,0x00000000f9a80000)
  to   space 4608K, 0% used [0x00000000f9180000,0x00000000f9180000,0x00000000f9600000)
 ParOldGen       total 80896K, used 88K [0x00000000e0000000, 0x00000000e4f00000, 0x00000000f5580000)
  object space 80896K, 0% used [0x00000000e0000000,0x00000000e0016108,0x00000000e4f00000)
 Metaspace       used 7957K, capacity 8112K, committed 8448K, reserved 1056768K
  class space    used 863K, capacity 916K, committed 1024K, reserved 1048576K
Event: 1.752 GC heap after
Heap after GC invocations=5 (full 0):
 PSYoungGen      total 66048K, used 4597K [0x00000000f5580000, 0x00000000fdb80000, 0x0000000100000000)
  eden space 61440K, 0% used [0x00000000f5580000,0x00000000f5580000,0x00000000f9180000)
  from space 4608K, 99% used [0x00000000f9180000,0x00000000f95fd4d0,0x00000000f9600000)
  to   space 7168K, 0% used [0x00000000fd480000,0x00000000fd480000,0x00000000fdb80000)
 ParOldGen       total 80896K, used 3160K [0x00000000e0000000, 0x00000000e4f00000, 0x00000000f5580000)
  object space 80896K, 3% used [0x00000000e0000000,0x00000000e0316050,0x00000000e4f00000)
 Metaspace       used 7957K, capacity 8112K, committed 8448K, reserved 1056768K
  class space    used 863K, capacity 916K, committed 1024K, reserved 1048576K
}
Event: 2.234 GC heap before
{Heap before GC invocations=6 (full 0):
 PSYoungGen      total 66048K, used 66037K [0x00000000f5580000, 0x00000000fdb80000, 0x0000000100000000)
  eden space 61440K, 100% used [0x00000000f5580000,0x00000000f9180000,0x00000000f9180000)
  from space 4608K, 99% used [0x00000000f9180000,0x00000000f95fd4d0,0x00000000f9600000)
  to   space 7168K, 0% used [0x00000000fd480000,0x00000000fd480000,0x00000000fdb80000)
 ParOldGen       total 80896K, used 3164K [0x00000000e0000000, 0x00000000e4f00000, 0x00000000f5580000)
  object space 80896K, 3% used [0x00000000e0000000,0x00000000e0317110,0x00000000e4f00000)
 Metaspace       used 7968K, capacity 8112K, committed 8448K, reserved 1056768K
  class space    used 863K, capacity 916K, committed 1024K, reserved 1048576K
Event: 2.255 GC heap after
Heap after GC invocations=6 (full 0):
 PSYoungGen      total 119808K, used 7139K [0x00000000f5580000, 0x00000000fef80000, 0x0000000100000000)
  eden space 112640K, 0% used [0x00000000f5580000,0x00000000f5580000,0x00000000fc380000)
  from space 7168K, 99% used [0x00000000fd480000,0x00000000fdb78c68,0x00000000fdb80000)
  to   space 17408K, 0% used [0x00000000fc380000,0x00000000fc380000,0x00000000fd480000)
 ParOldGen       total 80896K, used 18648K [0x00000000e0000000, 0x00000000e4f00000, 0x00000000f5580000)
  object space 80896K, 23% used [0x00000000e0000000,0x00000000e1236108,0x00000000e4f00000)
 Metaspace       used 7968K, capacity 8112K, committed 8448K, reserved 1056768K
  class space    used 863K, capacity 916K, committed 1024K, reserved 1048576K
}
Event: 3.081 GC heap before
{Heap before GC invocations=7 (full 0):
 PSYoungGen      total 119808K, used 119779K [0x00000000f5580000, 0x00000000fef80000, 0x0000000100000000)
  eden space 112640K, 100% used [0x00000000f5580000,0x00000000fc380000,0x00000000fc380000)
  from space 7168K, 99% used [0x00000000fd480000,0x00000000fdb78c68,0x00000000fdb80000)
  to   space 17408K, 0% used [0x00000000fc380000,0x00000000fc380000,0x00000000fd480000)
 ParOldGen       total 80896K, used 18654K [0x00000000e0000000, 0x00000000e4f00000, 0x00000000f5580000)
  object space 80896K, 23% used [0x00000000e0000000,0x00000000e1237970,0x00000000e4f00000)
 Metaspace       used 7976K, capacity 8112K, committed 8448K, reserved 1056768K
  class space    used 863K, capacity 916K, committed 1024K, reserved 1048576K
Event: 3.106 GC heap after
Heap after GC invocations=7 (full 0):
 PSYoungGen      total 130048K, used 17393K [0x00000000f5580000, 0x0000000100000000, 0x0000000100000000)
  eden space 112640K, 0% used [0x00000000f5580000,0x00000000f5580000,0x00000000fc380000)
  from space 17408K, 99% used [0x00000000fc380000,0x00000000fd47c748,0x00000000fd480000)
  to   space 32256K, 0% used [0x00000000fe080000,0x00000000fe080000,0x0000000100000000)
 ParOldGen       total 80896K, used 41248K [0x00000000e0000000, 0x00000000e4f00000, 0x00000000f5580000)
  object space 80896K, 50% used [0x00000000e0000000,0x00000000e28482e8,0x00000000e4f00000)
 Metaspace       used 7976K, capacity 8112K, committed 8448K, reserved 1056768K
  class space    used 863K, capacity 916K, committed 1024K, reserved 1048576K
}
Event: 3.890 GC heap before
{Heap before GC invocations=8 (full 0):
 PSYoungGen      total 130048K, used 130033K [0x00000000f5580000, 0x0000000100000000, 0x0000000100000000)
  eden space 112640K, 100% used [0x00000000f5580000,0x00000000fc380000,0x00000000fc380000)
  from space 17408K, 99% used [0x00000000fc380000,0x00000000fd47c748,0x00000000fd480000)
  to   space 32256K, 0% used [0x00000000fe080000,0x00000000fe080000,0x0000000100000000)
 ParOldGen       total 80896K, used 41248K [0x00000000e0000000, 0x00000000e4f00000, 0x00000000f5580000)
  object space 80896K, 50% used [0x00000000e0000000,0x00000000e28482e8,0x00000000e4f00000)
 Metaspace       used 8015K, capacity 8176K, committed 8448K, reserved 1056768K
  class space    used 864K, capacity 916K, committed 1024K, reserved 1048576K
Event: 3.950 GC heap after
Heap after GC invocations=8 (full 0):
 PSYoungGen      total 112640K, used 32241K [0x00000000f5580000, 0x0000000100000000, 0x0000000100000000)
  eden space 80384K, 0% used [0x00000000f5580000,0x00000000f5580000,0x00000000fa400000)
  from space 32256K, 99% used [0x00000000fe080000,0x00000000ffffc730,0x0000000100000000)
  to   space 47104K, 0% used [0x00000000fa400000,0x00000000fa400000,0x00000000fd200000)
 ParOldGen       total 80896K, used 59512K [0x00000000e0000000, 0x00000000e4f00000, 0x00000000f5580000)
  object space 80896K, 73% used [0x00000000e0000000,0x00000000e3a1e2a0,0x00000000e4f00000)
 Metaspace       used 8015K, capacity 8176K, committed 8448K, reserved 1056768K
  class space    used 864K, capacity 916K, committed 1024K, reserved 1048576K
}
Event: 3.950 GC heap before
{Heap before GC invocations=9 (full 1):
 PSYoungGen      total 112640K, used 32241K [0x00000000f5580000, 0x0000000100000000, 0x0000000100000000)
  eden space 80384K, 0% used [0x00000000f5580000,0x00000000f5580000,0x00000000fa400000)
  from space 32256K, 99% used [0x00000000fe080000,0x00000000ffffc730,0x0000000100000000)
  to   space 47104K, 0% used [0x00000000fa400000,0x00000000fa400000,0x00000000fd200000)
 ParOldGen       total 80896K, used 59512K [0x00000000e0000000, 0x00000000e4f00000, 0x00000000f5580000)
  object space 80896K, 73% used [0x00000000e0000000,0x00000000e3a1e2a0,0x00000000e4f00000)
 Metaspace       used 8015K, capacity 8176K, committed 8448K, reserved 1056768K
  class space    used 864K, capacity 916K, committed 1024K, reserved 1048576K

